22:55:20.229 [main] INFO  org.springframework.boot.StartupInfoLogger.logStarting(StartupInfoLogger.java:50) - Starting DwloggerApplication on DESKTOP-G33U1ME with PID 6792 (D:\GIT\SparkSteraming\dwlogger\target\classes started by gaobing in D:\GIT\SparkSteraming)
22:55:20.401 [main] INFO  org.springframework.boot.SpringApplication.logStartupProfileInfo(SpringApplication.java:675) - No active profile set, falling back to default profiles: default
22:55:22.191 [main] INFO  org.springframework.context.support.PostProcessorRegistrationDelegate$BeanPostProcessorChecker.postProcessAfterInitialization(PostProcessorRegistrationDelegate.java:330) - Bean 'org.springframework.kafka.annotation.KafkaBootstrapConfiguration' of type [org.springframework.kafka.annotation.KafkaBootstrapConfiguration$$EnhancerBySpringCGLIB$$acdc2103] is not eligible for getting processed by all BeanPostProcessors (for example: not eligible for auto-proxying)
22:55:22.898 [main] INFO  org.springframework.boot.web.embedded.tomcat.TomcatWebServer.initialize(TomcatWebServer.java:90) - Tomcat initialized with port(s): 8888 (http)
22:55:22.938 [main] INFO  org.apache.juli.logging.DirectJDKLog.log(DirectJDKLog.java:173) - Initializing ProtocolHandler ["http-nio-8888"]
22:55:22.951 [main] INFO  org.apache.juli.logging.DirectJDKLog.log(DirectJDKLog.java:173) - Starting service [Tomcat]
22:55:22.952 [main] INFO  org.apache.juli.logging.DirectJDKLog.log(DirectJDKLog.java:173) - Starting Servlet engine: [Apache Tomcat/9.0.16]
22:55:22.965 [main] INFO  org.apache.juli.logging.DirectJDKLog.log(DirectJDKLog.java:173) - The APR based Apache Tomcat Native library which allows optimal performance in production environments was not found on the java.library.path: [D:\ProgramFiles\Java\jdk1.8\bin;C:\WINDOWS\Sun\Java\bin;C:\WINDOWS\system32;C:\WINDOWS;D:\ProgramFiles\Java\jdk1.8\bin;D:\ProgramFiles\Java\jdk1.8\jre\bin;D:\tomcat\apache-tomcat-8.0.45\lib;C:\WINDOWS\system32;C:\WINDOWS;C:\WINDOWS\system32\wbem;D:\maven3.2\bin;G:\MYSQL\bin;c:\program files\ibm\gsk8\lib64;c:\program files (x86)\ibm\gsk8\lib;G:\SVN\bin;C:\WINDOWS\system32;C:\WINDOWS;C:\WINDOWS\System32\Wbem;C:\WINDOWS\System32\WindowsPowerShell\v1.0\;C:\WINDOWS\System32\OpenSSH\;D:\node\;D:\Python27;G:\erl10.0\bin;G:\rabbitMQ\rabbitmq_server-3.7.12\sbin;G:\Git\cmd;C:\Program Files\NVIDIA Corporation\NVIDIA NvDLISR;D:\hadoop-2.7.2\bin;D:\scala-2.11.8\bin;C:\Users\gaobing\AppData\Local\Microsoft\WindowsApps;C:\Users\gaobing\AppData\Roaming\npm;C:\Users\gaobing\AppData\Local\Programs\Fiddler;%USERPROFILE%\AppData\Local\Microsoft\WindowsApps;.]
22:55:23.163 [main] INFO  org.apache.juli.logging.DirectJDKLog.log(DirectJDKLog.java:173) - Initializing Spring embedded WebApplicationContext
22:55:23.163 [main] INFO  org.springframework.boot.web.servlet.context.ServletWebServerApplicationContext.prepareWebApplicationContext(ServletWebServerApplicationContext.java:296) - Root WebApplicationContext: initialization completed in 2679 ms
22:55:23.466 [main] INFO  org.springframework.scheduling.concurrent.ExecutorConfigurationSupport.initialize(ExecutorConfigurationSupport.java:171) - Initializing ExecutorService 'applicationTaskExecutor'
22:55:23.706 [main] INFO  org.apache.juli.logging.DirectJDKLog.log(DirectJDKLog.java:173) - Starting ProtocolHandler ["http-nio-8888"]
22:55:23.823 [main] INFO  org.springframework.boot.web.embedded.tomcat.TomcatWebServer.start(TomcatWebServer.java:204) - Tomcat started on port(s): 8888 (http) with context path ''
22:55:23.827 [main] INFO  org.springframework.boot.StartupInfoLogger.logStarted(StartupInfoLogger.java:59) - Started DwloggerApplication in 4.656 seconds (JVM running for 7.21)
22:55:45.094 [http-nio-8888-exec-1] INFO  org.apache.juli.logging.DirectJDKLog.log(DirectJDKLog.java:173) - Initializing Spring DispatcherServlet 'dispatcherServlet'
22:55:45.094 [http-nio-8888-exec-1] INFO  org.springframework.web.servlet.FrameworkServlet.initServletBean(FrameworkServlet.java:524) - Initializing Servlet 'dispatcherServlet'
22:55:45.102 [http-nio-8888-exec-1] INFO  org.springframework.web.servlet.FrameworkServlet.initServletBean(FrameworkServlet.java:546) - Completed initialization in 8 ms
22:55:45.135 [http-nio-8888-exec-1] INFO  controller.Demo.test(Demo.java:15) - hhhhhhhhh
22:55:45.136 [http-nio-8888-exec-1] ERROR controller.Demo.test(Demo.java:16) - *********
22:55:45.402 [http-nio-8888-exec-3] INFO  controller.Demo.test(Demo.java:15) - hhhhhhhhh
22:55:45.402 [http-nio-8888-exec-3] ERROR controller.Demo.test(Demo.java:16) - *********
22:55:45.645 [http-nio-8888-exec-5] INFO  controller.Demo.test(Demo.java:15) - hhhhhhhhh
22:55:45.645 [http-nio-8888-exec-5] ERROR controller.Demo.test(Demo.java:16) - *********
22:55:45.928 [http-nio-8888-exec-6] INFO  controller.Demo.test(Demo.java:15) - hhhhhhhhh
22:55:45.929 [http-nio-8888-exec-6] ERROR controller.Demo.test(Demo.java:16) - *********
